<?xml version="1.0" encoding="UTF-8"?>
<testng-results ignored="0" total="1" passed="1" failed="0" skipped="0">
  <reporter-output>
  </reporter-output>
  <suite started-at="2026-01-01T15:52:50 IST" name="Surefire suite" finished-at="2026-01-01T15:53:13 IST" duration-ms="22268">
    <groups>
    </groups>
    <test started-at="2026-01-01T15:52:50 IST" name="Surefire test" finished-at="2026-01-01T15:53:13 IST" duration-ms="22268">
      <class name="com.PracticeTestAutomationTestCases.VerifyLoginPracticeTest">
        <test-method signature="CheckValidUser()[pri:0, instance:com.PracticeTestAutomationTestCases.VerifyLoginPracticeTest@17a87e37]" started-at="2026-01-01T15:52:51 IST" name="CheckValidUser" finished-at="2026-01-01T15:53:13 IST" duration-ms="22100" status="PASS">
          <reporter-output>
          </reporter-output>
        </test-method> <!-- CheckValidUser -->
      </class> <!-- com.PracticeTestAutomationTestCases.VerifyLoginPracticeTest -->
    </test> <!-- Surefire test -->
  </suite> <!-- Surefire suite -->
</testng-results>
