<?xml version="1.0" encoding="UTF-8"?>
<testng-results ignored="0" total="1" passed="1" failed="0" skipped="0">
  <reporter-output>
  </reporter-output>
  <suite started-at="2025-12-30T16:37:50 IST" name="Surefire suite" finished-at="2025-12-30T16:38:24 IST" duration-ms="34186">
    <groups>
    </groups>
    <test started-at="2025-12-30T16:37:50 IST" name="Surefire test" finished-at="2025-12-30T16:38:24 IST" duration-ms="34186">
      <class name="com.PracticeTestAutomationTestCases.VerifyLoginPracticeTest">
        <test-method signature="CheckValidUser()[pri:0, instance:com.PracticeTestAutomationTestCases.VerifyLoginPracticeTest@17a87e37]" started-at="2025-12-30T16:37:50 IST" name="CheckValidUser" finished-at="2025-12-30T16:38:24 IST" duration-ms="34005" status="PASS">
          <reporter-output>
          </reporter-output>
        </test-method> <!-- CheckValidUser -->
      </class> <!-- com.PracticeTestAutomationTestCases.VerifyLoginPracticeTest -->
    </test> <!-- Surefire test -->
  </suite> <!-- Surefire suite -->
</testng-results>
