<?xml version="1.0" encoding="UTF-8"?>
<testsuite xmlns:xsi="http://www.w3.org/2001/XMLSchema-instance" xsi:noNamespaceSchemaLocation="https://maven.apache.org/surefire/maven-surefire-plugin/xsd/surefire-test-report-3.0.xsd" version="3.0" name="TestSuite" time="36.268" tests="1" errors="0" skipped="0" failures="0">
  <properties>
[...]
</properties>
  <testcase name="CheckValidUser" classname="com.PracticeTestAutomationTestCases.VerifyLoginPracticeTest" time="34.113">
    <system-out><![CDATA[Captured Screenshot-By selenium
Captured Screenshot-By selenium
Captured Screenshot-By selenium
Captured Screenshot-By selenium
Captured Screenshot-By selenium
Captured Screenshot-By selenium
]]></system-out>
    <system-err><![CDATA[Dec 30, 2025 4:38:03 PM org.openqa.selenium.manager.SeleniumManager lambda$runCommand$1
WARNING: Error sending stats to Plausible: error sending request for url (https://plausible.io/api/event)
]]></system-err>
  </testcase>
</testsuite>