<?xml version="1.0" encoding="UTF-8"?>
<!-- Generated by org.testng.reporters.JUnitReportReporter -->
<testsuite hostname="LP-TZD-0X139839" failures="0" tests="1" name="com.PracticeTestAutomationTestCases.VerifyLoginPracticeTest" time="34.005" errors="0" timestamp="2025-12-30T16:38:24 IST" skipped="0">
  <testcase classname="com.PracticeTestAutomationTestCases.VerifyLoginPracticeTest" name="CheckValidUser" time="34.005"/>
</testsuite> <!-- com.PracticeTestAutomationTestCases.VerifyLoginPracticeTest -->
