<?xml version="1.0" encoding="UTF-8"?>
<!-- Generated by org.testng.reporters.JUnitReportReporter -->
<testsuite hostname="LP-TZD-0X139839" failures="0" tests="1" name="com.PracticeTestAutomationTestCases.VerifyLoginPracticeTest" time="22.100" errors="0" timestamp="2026-01-01T15:53:13 IST" skipped="0">
  <testcase classname="com.PracticeTestAutomationTestCases.VerifyLoginPracticeTest" name="CheckValidUser" time="22.100"/>
</testsuite> <!-- com.PracticeTestAutomationTestCases.VerifyLoginPracticeTest -->
